<?xml version="1.0" encoding="UTF-8"?>
<!-- Generated by org.testng.reporters.JUnitReportReporter -->
<testsuite hostname="Bloomlync-Qa" failures="0" tests="3" name="rahulshettyacademy.tests.dataProvider" time="0.014" errors="0" timestamp="2024-05-14T22:52:07 IST" skipped="0">
  <testcase classname="rahulshettyacademy.tests.dataProvider" name="testCaseData" time="0.003"/>
  <system-out/>
  <testcase classname="rahulshettyacademy.tests.dataProvider" name="testCaseData" time="0.010"/>
  <system-out/>
  <testcase classname="rahulshettyacademy.tests.dataProvider" name="testCaseData" time="0.001"/>
  <system-out/>
</testsuite> <!-- rahulshettyacademy.tests.dataProvider -->
